2013/08/15 03:05:36 [error] [php] date(): It is not safe to rely on the system's timezone settings. You are *required* to use the date.timezone setting or the date_default_timezone_set() function. In case you used any of those methods and you are still getting this warning, you most likely misspelled the timezone identifier. We selected 'UTC' for 'UTC/0.0/no DST' instead (/var/www/zuova/protected/views/layouts/main.php:51)
Stack trace:
#0 /var/www/yii/framework/web/CBaseController.php(95): SiteController->renderInternal()
#1 /var/www/yii/framework/web/widgets/CContentDecorator.php(76): SiteController->renderFile()
#2 /var/www/yii/framework/web/widgets/CContentDecorator.php(54): CContentDecorator->decorate()
#3 /var/www/yii/framework/web/widgets/COutputProcessor.php(44): CContentDecorator->processOutput()
#4 /var/www/yii/framework/web/CBaseController.php(206): CContentDecorator->run()
#5 /var/www/yii/framework/web/CBaseController.php(300): SiteController->endWidget()
#6 /var/www/zuova/protected/views/layouts/column1.php(6): SiteController->endContent()
#7 /var/www/yii/framework/web/CBaseController.php(126): require()
#8 /var/www/yii/framework/web/CBaseController.php(95): SiteController->renderInternal()
#9 /var/www/yii/framework/web/CController.php(784): SiteController->renderFile()
#10 /var/www/zuova/protected/controllers/SiteController.php(32): SiteController->render()
#11 /var/www/yii/framework/web/actions/CInlineAction.php(49): SiteController->actionIndex()
#12 /var/www/yii/framework/web/CController.php(308): CInlineAction->runWithParams()
#13 /var/www/yii/framework/web/CController.php(286): SiteController->runAction()
#14 /var/www/yii/framework/web/CController.php(265): SiteController->runActionWithFilters()
#15 /var/www/yii/framework/web/CWebApplication.php(282): SiteController->run()
#16 /var/www/yii/framework/web/CWebApplication.php(141): CWebApplication->runController()
#17 /var/www/yii/framework/base/CApplication.php(180): CWebApplication->processRequest()
#18 /var/www/zuova/index.php(13): CWebApplication->run()
REQUEST_URI=/zuova/
in /var/www/zuova/protected/views/layouts/main.php (51)
in /var/www/zuova/protected/views/layouts/column1.php (6)
in /var/www/zuova/protected/controllers/SiteController.php (32)
2013/08/16 00:21:25 [error] [exception.ImagickException] exception 'ImagickException' with message 'Failed to query the font metrics' in /var/www/yii/framework/web/widgets/captcha/CCaptchaAction.php:309
Stack trace:
#0 /var/www/yii/framework/web/widgets/captcha/CCaptchaAction.php(309): Imagick->queryfontmetrics(Object(ImagickDraw), 'lusakij')
#1 /var/www/yii/framework/web/widgets/captcha/CCaptchaAction.php(231): CCaptchaAction->renderImageImagick('lusakij')
#2 /var/www/yii/framework/web/widgets/captcha/CCaptchaAction.php(130): CCaptchaAction->renderImage('lusakij')
#3 /var/www/yii/framework/web/actions/CAction.php(76): CCaptchaAction->run()
#4 /var/www/yii/framework/web/CController.php(308): CAction->runWithParams(Array)
#5 /var/www/yii/framework/web/CController.php(286): CController->runAction(Object(CCaptchaAction))
#6 /var/www/yii/framework/web/CController.php(265): CController->runActionWithFilters(Object(CCaptchaAction), Array)
#7 /var/www/yii/framework/web/CWebApplication.php(282): CController->run('captcha')
#8 /var/www/yii/framework/web/CWebApplication.php(141): CWebApplication->runController('site/captcha')
#9 /var/www/yii/framework/base/CApplication.php(180): CWebApplication->processRequest()
#10 /var/www/zuova/index.php(14): CApplication->run()
#11 {main}
REQUEST_URI=/site/captcha?v=520da8c4d715b
HTTP_REFERER=http://beta.zuova.com/site/contact
---
2013/08/16 00:21:27 [error] [exception.ImagickException] exception 'ImagickException' with message 'Failed to query the font metrics' in /var/www/yii/framework/web/widgets/captcha/CCaptchaAction.php:309
Stack trace:
#0 /var/www/yii/framework/web/widgets/captcha/CCaptchaAction.php(309): Imagick->queryfontmetrics(Object(ImagickDraw), 'sejijum')
#1 /var/www/yii/framework/web/widgets/captcha/CCaptchaAction.php(231): CCaptchaAction->renderImageImagick('sejijum')
#2 /var/www/yii/framework/web/widgets/captcha/CCaptchaAction.php(130): CCaptchaAction->renderImage('sejijum')
#3 /var/www/yii/framework/web/actions/CAction.php(76): CCaptchaAction->run()
#4 /var/www/yii/framework/web/CController.php(308): CAction->runWithParams(Array)
#5 /var/www/yii/framework/web/CController.php(286): CController->runAction(Object(CCaptchaAction))
#6 /var/www/yii/framework/web/CController.php(265): CController->runActionWithFilters(Object(CCaptchaAction), Array)
#7 /var/www/yii/framework/web/CWebApplication.php(282): CController->run('captcha')
#8 /var/www/yii/framework/web/CWebApplication.php(141): CWebApplication->runController('site/captcha')
#9 /var/www/yii/framework/base/CApplication.php(180): CWebApplication->processRequest()
#10 /var/www/zuova/index.php(14): CApplication->run()
#11 {main}
REQUEST_URI=/site/captcha?v=520da8c76ecae
HTTP_REFERER=http://beta.zuova.com/site/contact
---
2013/08/16 00:22:55 [error] [exception.ImagickException] exception 'ImagickException' with message 'Failed to query the font metrics' in /var/www/yii/framework/web/widgets/captcha/CCaptchaAction.php:309
Stack trace:
#0 /var/www/yii/framework/web/widgets/captcha/CCaptchaAction.php(309): Imagick->queryfontmetrics(Object(ImagickDraw), 'sejijum')
#1 /var/www/yii/framework/web/widgets/captcha/CCaptchaAction.php(231): CCaptchaAction->renderImageImagick('sejijum')
#2 /var/www/yii/framework/web/widgets/captcha/CCaptchaAction.php(130): CCaptchaAction->renderImage('sejijum')
#3 /var/www/yii/framework/web/actions/CAction.php(76): CCaptchaAction->run()
#4 /var/www/yii/framework/web/CController.php(308): CAction->runWithParams(Array)
#5 /var/www/yii/framework/web/CController.php(286): CController->runAction(Object(CCaptchaAction))
#6 /var/www/yii/framework/web/CController.php(265): CController->runActionWithFilters(Object(CCaptchaAction), Array)
#7 /var/www/yii/framework/web/CWebApplication.php(282): CController->run('captcha')
#8 /var/www/yii/framework/web/CWebApplication.php(141): CWebApplication->runController('site/captcha')
#9 /var/www/yii/framework/base/CApplication.php(180): CWebApplication->processRequest()
#10 /var/www/zuova/index.php(14): CApplication->run()
#11 {main}
REQUEST_URI=/site/captcha?v=520da8c76ecae
---
2013/08/16 13:26:47 [error] [exception.ImagickException] exception 'ImagickException' with message 'Failed to query the font metrics' in /var/www/yii/framework/web/widgets/captcha/CCaptchaAction.php:309
Stack trace:
#0 /var/www/yii/framework/web/widgets/captcha/CCaptchaAction.php(309): Imagick->queryfontmetrics(Object(ImagickDraw), 'hsfuyi')
#1 /var/www/yii/framework/web/widgets/captcha/CCaptchaAction.php(231): CCaptchaAction->renderImageImagick('hsfuyi')
#2 /var/www/yii/framework/web/widgets/captcha/CCaptchaAction.php(130): CCaptchaAction->renderImage('hsfuyi')
#3 /var/www/yii/framework/web/actions/CAction.php(76): CCaptchaAction->run()
#4 /var/www/yii/framework/web/CController.php(308): CAction->runWithParams(Array)
#5 /var/www/yii/framework/web/CController.php(286): CController->runAction(Object(CCaptchaAction))
#6 /var/www/yii/framework/web/CController.php(265): CController->runActionWithFilters(Object(CCaptchaAction), Array)
#7 /var/www/yii/framework/web/CWebApplication.php(282): CController->run('captcha')
#8 /var/www/yii/framework/web/CWebApplication.php(141): CWebApplication->runController('site/captcha')
#9 /var/www/yii/framework/base/CApplication.php(180): CWebApplication->processRequest()
#10 /var/www/zuova/index.php(14): CApplication->run()
#11 {main}
REQUEST_URI=/site/captcha?v=520e60d6bc86a
HTTP_REFERER=http://www.beta.zuova.com/site/contact
---
2013/08/16 13:26:57 [error] [exception.CHttpException.404] exception 'CHttpException' with message 'The system is unable to find the requested action "notion".' in /var/www/yii/framework/web/CController.php:483
Stack trace:
#0 /var/www/yii/framework/web/CController.php(270): CController->missingAction('notion')
#1 /var/www/yii/framework/web/CWebApplication.php(282): CController->run('notion')
#2 /var/www/yii/framework/web/CWebApplication.php(141): CWebApplication->runController('site/notion')
#3 /var/www/yii/framework/base/CApplication.php(180): CWebApplication->processRequest()
#4 /var/www/zuova/index.php(14): CApplication->run()
#5 {main}
REQUEST_URI=/site/notion
---
2013/08/16 16:40:18 [error] [exception.CHttpException.404] exception 'CHttpException' with message 'Unable to resolve the request "favicon.ico".' in /var/www/yii/framework/web/CWebApplication.php:286
Stack trace:
#0 /var/www/yii/framework/web/CWebApplication.php(141): CWebApplication->runController('favicon.ico')
#1 /var/www/yii/framework/base/CApplication.php(180): CWebApplication->processRequest()
#2 /var/www/zuova/index.php(14): CApplication->run()
#3 {main}
REQUEST_URI=/favicon.ico
---
2013/08/16 16:40:38 [error] [exception.ImagickException] exception 'ImagickException' with message 'Failed to query the font metrics' in /var/www/yii/framework/web/widgets/captcha/CCaptchaAction.php:309
Stack trace:
#0 /var/www/yii/framework/web/widgets/captcha/CCaptchaAction.php(309): Imagick->queryfontmetrics(Object(ImagickDraw), 'meyateh')
#1 /var/www/yii/framework/web/widgets/captcha/CCaptchaAction.php(231): CCaptchaAction->renderImageImagick('meyateh')
#2 /var/www/yii/framework/web/widgets/captcha/CCaptchaAction.php(130): CCaptchaAction->renderImage('meyateh')
#3 /var/www/yii/framework/web/actions/CAction.php(76): CCaptchaAction->run()
#4 /var/www/yii/framework/web/CController.php(308): CAction->runWithParams(Array)
#5 /var/www/yii/framework/web/CController.php(286): CController->runAction(Object(CCaptchaAction))
#6 /var/www/yii/framework/web/CController.php(265): CController->runActionWithFilters(Object(CCaptchaAction), Array)
#7 /var/www/yii/framework/web/CWebApplication.php(282): CController->run('captcha')
#8 /var/www/yii/framework/web/CWebApplication.php(141): CWebApplication->runController('site/captcha')
#9 /var/www/yii/framework/base/CApplication.php(180): CWebApplication->processRequest()
#10 /var/www/zuova/index.php(14): CApplication->run()
#11 {main}
REQUEST_URI=/site/captcha?v=520e8e45e1524
HTTP_REFERER=http://www.beta.zuova.com/site/contact
---
